<?xml version="1.0" encoding="UTF-8"?>
<testsuite name="com.odoojava.api.OdooXmlRpcProxyTest" tests="4" skipped="0" failures="1" errors="0" timestamp="2026-04-24T09:35:39" hostname="MacBook-Pro.router.wind" time="2.036">
  <properties/>
  <testcase name="should_return_server_version" classname="com.odoojava.api.OdooXmlRpcProxyTest" time="0.85">
    <failure message="org.apache.xmlrpc.client.XmlRpcHttpTransportException: HTTP server returned unexpected status: Not Found" type="org.apache.xmlrpc.client.XmlRpcHttpTransportException">org.apache.xmlrpc.client.XmlRpcHttpTransportException: HTTP server returned unexpected status: Not Found
	at org.apache.xmlrpc.client.XmlRpcSunHttpTransport.getInputStream(XmlRpcSunHttpTransport.java:94)
	at org.apache.xmlrpc.client.XmlRpcStreamTransport.sendRequest(XmlRpcStreamTransport.java:152)
	at org.apache.xmlrpc.client.XmlRpcHttpTransport.sendRequest(XmlRpcHttpTransport.java:143)
	at org.apache.xmlrpc.client.XmlRpcSunHttpTransport.sendRequest(XmlRpcSunHttpTransport.java:69)
	at org.apache.xmlrpc.client.XmlRpcClientWorker.execute(XmlRpcClientWorker.java:56)
	at org.apache.xmlrpc.client.XmlRpcClient.execute(XmlRpcClient.java:167)
	at org.apache.xmlrpc.client.XmlRpcClient.execute(XmlRpcClient.java:137)
	at org.apache.xmlrpc.client.XmlRpcClient.execute(XmlRpcClient.java:126)
	at com.odoojava.api.OdooXmlRpcProxy.getServerVersion(OdooXmlRpcProxy.java:185)
	at com.odoojava.api.OdooXmlRpcProxyTest.should_return_server_version(OdooXmlRpcProxyTest.java:220)
	at sun.reflect.NativeMethodAccessorImpl.invoke0(Native Method)
	at sun.reflect.NativeMethodAccessorImpl.invoke(NativeMethodAccessorImpl.java:62)
	at sun.reflect.DelegatingMethodAccessorImpl.invoke(DelegatingMethodAccessorImpl.java:43)
	at java.lang.reflect.Method.invoke(Method.java:498)
	at org.junit.runners.model.FrameworkMethod$1.runReflectiveCall(FrameworkMethod.java:50)
	at org.junit.internal.runners.model.ReflectiveCallable.run(ReflectiveCallable.java:12)
	at org.junit.runners.model.FrameworkMethod.invokeExplosively(FrameworkMethod.java:47)
	at org.junit.internal.runners.statements.InvokeMethod.evaluate(InvokeMethod.java:17)
	at org.junit.internal.runners.statements.RunBefores.evaluate(RunBefores.java:26)
	at org.junit.runners.ParentRunner.runLeaf(ParentRunner.java:325)
	at org.junit.runners.BlockJUnit4ClassRunner.runChild(BlockJUnit4ClassRunner.java:78)
	at org.junit.runners.BlockJUnit4ClassRunner.runChild(BlockJUnit4ClassRunner.java:57)
	at org.junit.runners.ParentRunner$3.run(ParentRunner.java:290)
	at org.junit.runners.ParentRunner$1.schedule(ParentRunner.java:71)
	at org.junit.runners.ParentRunner.runChildren(ParentRunner.java:288)
	at org.junit.runners.ParentRunner.access$000(ParentRunner.java:58)
	at org.junit.runners.ParentRunner$2.evaluate(ParentRunner.java:268)
	at org.junit.runners.ParentRunner.run(ParentRunner.java:363)
	at org.gradle.api.internal.tasks.testing.junit.JUnitTestClassExecutor.runTestClass(JUnitTestClassExecutor.java:110)
	at org.gradle.api.internal.tasks.testing.junit.JUnitTestClassExecutor.execute(JUnitTestClassExecutor.java:58)
	at org.gradle.api.internal.tasks.testing.junit.JUnitTestClassExecutor.execute(JUnitTestClassExecutor.java:38)
	at org.gradle.api.internal.tasks.testing.junit.AbstractJUnitTestClassProcessor.processTestClass(AbstractJUnitTestClassProcessor.java:62)
	at org.gradle.api.internal.tasks.testing.SuiteTestClassProcessor.processTestClass(SuiteTestClassProcessor.java:51)
	at sun.reflect.NativeMethodAccessorImpl.invoke0(Native Method)
	at sun.reflect.NativeMethodAccessorImpl.invoke(NativeMethodAccessorImpl.java:62)
	at sun.reflect.DelegatingMethodAccessorImpl.invoke(DelegatingMethodAccessorImpl.java:43)
	at java.lang.reflect.Method.invoke(Method.java:498)
	at org.gradle.internal.dispatch.ReflectionDispatch.dispatch(ReflectionDispatch.java:35)
	at org.gradle.internal.dispatch.ReflectionDispatch.dispatch(ReflectionDispatch.java:24)
	at org.gradle.internal.dispatch.ContextClassLoaderDispatch.dispatch(ContextClassLoaderDispatch.java:32)
	at org.gradle.internal.dispatch.ProxyDispatchAdapter$DispatchingInvocationHandler.invoke(ProxyDispatchAdapter.java:93)
	at com.sun.proxy.$Proxy2.processTestClass(Unknown Source)
	at org.gradle.api.internal.tasks.testing.worker.TestWorker.processTestClass(TestWorker.java:118)
	at sun.reflect.NativeMethodAccessorImpl.invoke0(Native Method)
	at sun.reflect.NativeMethodAccessorImpl.invoke(NativeMethodAccessorImpl.java:62)
	at sun.reflect.DelegatingMethodAccessorImpl.invoke(DelegatingMethodAccessorImpl.java:43)
	at java.lang.reflect.Method.invoke(Method.java:498)
	at org.gradle.internal.dispatch.ReflectionDispatch.dispatch(ReflectionDispatch.java:35)
	at org.gradle.internal.dispatch.ReflectionDispatch.dispatch(ReflectionDispatch.java:24)
	at org.gradle.internal.remote.internal.hub.MessageHubBackedObjectConnection$DispatchWrapper.dispatch(MessageHubBackedObjectConnection.java:175)
	at org.gradle.internal.remote.internal.hub.MessageHubBackedObjectConnection$DispatchWrapper.dispatch(MessageHubBackedObjectConnection.java:157)
	at org.gradle.internal.remote.internal.hub.MessageHub$Handler.run(MessageHub.java:404)
	at org.gradle.internal.concurrent.ExecutorPolicy$CatchAndRecordFailures.onExecute(ExecutorPolicy.java:63)
	at org.gradle.internal.concurrent.ManagedExecutorImpl$1.run(ManagedExecutorImpl.java:46)
	at java.util.concurrent.ThreadPoolExecutor.runWorker(ThreadPoolExecutor.java:1149)
	at java.util.concurrent.ThreadPoolExecutor$Worker.run(ThreadPoolExecutor.java:624)
	at org.gradle.internal.concurrent.ThreadFactoryImpl$ManagedThreadRunnable.run(ThreadFactoryImpl.java:55)
	at java.lang.Thread.run(Thread.java:750)
</failure>
  </testcase>
  <testcase name="should_use_http_proxy_for_http_when_available_nothing_else" classname="com.odoojava.api.OdooXmlRpcProxyTest" time="0.451"/>
  <testcase name="should_use_no_proxy_if_none_available" classname="com.odoojava.api.OdooXmlRpcProxyTest" time="0.355"/>
  <testcase name="should_use_https_proxy_for_https_when_available_http_proxy_otherwise" classname="com.odoojava.api.OdooXmlRpcProxyTest" time="0.38"/>
  <system-out><![CDATA[12:35:39.380 [Test worker] DEBUG o.m.c.ConfigurationProperties - Property file not found on classpath using path [mockserver.properties]
12:35:39.383 [Test worker] DEBUG o.m.c.ConfigurationProperties - Property file not found using path [mockserver.properties]
12:35:39.600 [Test worker] DEBUG org.mockserver.socket.SSLFactory - Using protocol TLSv1.2
12:35:39.603 [Test worker] DEBUG i.n.u.i.l.InternalLoggerFactory - Using SLF4J as the default logging framework
12:35:39.607 [Test worker] DEBUG i.n.util.internal.PlatformDependent0 - java.nio.Buffer.address: available
12:35:39.607 [Test worker] DEBUG i.n.util.internal.PlatformDependent0 - sun.misc.Unsafe.theUnsafe: available
12:35:39.607 [Test worker] DEBUG i.n.util.internal.PlatformDependent0 - sun.misc.Unsafe.copyMemory: available
12:35:39.607 [Test worker] DEBUG i.n.util.internal.PlatformDependent0 - java.nio.Bits.unaligned: true
12:35:39.607 [Test worker] DEBUG i.n.util.internal.PlatformDependent - Java version: 8
12:35:39.607 [Test worker] DEBUG i.n.util.internal.PlatformDependent - -Dio.netty.noUnsafe: false
12:35:39.607 [Test worker] DEBUG i.n.util.internal.PlatformDependent - sun.misc.Unsafe: available
12:35:39.608 [Test worker] DEBUG i.n.util.internal.PlatformDependent - -Dio.netty.noJavassist: false
12:35:39.608 [Test worker] DEBUG i.n.util.internal.PlatformDependent - Javassist: unavailable
12:35:39.608 [Test worker] DEBUG i.n.util.internal.PlatformDependent - You don't have Javassist in your class path or you don't have enough permission to load dynamically generated classes.  Please check the configuration for better performance.
12:35:39.608 [Test worker] DEBUG i.n.util.internal.PlatformDependent - -Dio.netty.tmpdir: /var/folders/gl/h2ggcx255ys3npz3_9cxcy480000gn/T (java.io.tmpdir)
12:35:39.608 [Test worker] DEBUG i.n.util.internal.PlatformDependent - -Dio.netty.bitMode: 64 (sun.arch.data.model)
12:35:39.608 [Test worker] DEBUG i.n.util.internal.PlatformDependent - -Dio.netty.noPreferDirect: false
12:35:39.620 [Test worker] DEBUG i.n.c.MultithreadEventLoopGroup - -Dio.netty.eventLoopThreads: 24
12:35:39.626 [Test worker] DEBUG io.netty.channel.nio.NioEventLoop - -Dio.netty.noKeySetOptimization: false
12:35:39.626 [Test worker] DEBUG io.netty.channel.nio.NioEventLoop - -Dio.netty.selectorAutoRebuildThreshold: 512
12:35:39.635 [Test worker] DEBUG i.n.buffer.PooledByteBufAllocator - -Dio.netty.allocator.numHeapArenas: 4
12:35:39.636 [Test worker] DEBUG i.n.buffer.PooledByteBufAllocator - -Dio.netty.allocator.numDirectArenas: 5
12:35:39.636 [Test worker] DEBUG i.n.buffer.PooledByteBufAllocator - -Dio.netty.allocator.pageSize: 8192
12:35:39.636 [Test worker] DEBUG i.n.buffer.PooledByteBufAllocator - -Dio.netty.allocator.maxOrder: 11
12:35:39.636 [Test worker] DEBUG i.n.buffer.PooledByteBufAllocator - -Dio.netty.allocator.chunkSize: 16777216
12:35:39.636 [Test worker] DEBUG i.n.buffer.PooledByteBufAllocator - -Dio.netty.allocator.tinyCacheSize: 512
12:35:39.636 [Test worker] DEBUG i.n.buffer.PooledByteBufAllocator - -Dio.netty.allocator.smallCacheSize: 256
12:35:39.636 [Test worker] DEBUG i.n.buffer.PooledByteBufAllocator - -Dio.netty.allocator.normalCacheSize: 64
12:35:39.636 [Test worker] DEBUG i.n.buffer.PooledByteBufAllocator - -Dio.netty.allocator.maxCachedBufferCapacity: 32768
12:35:39.636 [Test worker] DEBUG i.n.buffer.PooledByteBufAllocator - -Dio.netty.allocator.cacheTrimInterval: 8192
12:35:39.642 [MockServer thread for port: 51107] DEBUG i.n.util.internal.ThreadLocalRandom - -Dio.netty.initialSeedUniquifier: 0x00407c55d82a904a (took 0 ms)
12:35:39.654 [MockServer thread for port: 51107] DEBUG io.netty.buffer.ByteBufUtil - -Dio.netty.allocator.type: unpooled
12:35:39.654 [MockServer thread for port: 51107] DEBUG io.netty.buffer.ByteBufUtil - -Dio.netty.threadLocalDirectBufferSize: 65536
12:35:39.655 [MockServer thread for port: 51107] DEBUG io.netty.util.NetUtil - Loopback interface: lo0 (lo0, 0:0:0:0:0:0:0:1%lo0)
12:35:39.655 [MockServer thread for port: 51107] DEBUG io.netty.util.NetUtil - /proc/sys/net/core/somaxconn: 128 (non-existent)
12:35:39.660 [MockServer thread for port: 51107] INFO  org.mockserver.mockserver.MockServer - MockServer started on port: 51107
12:35:39.710 [Test worker] DEBUG o.m.client.netty.NettyHttpClient - Sending request: {
  "method" : "PUT",
  "path" : "/expectation",
  "body" : {
    "charset" : "UTF-8",
    "type" : "STRING",
    "string" : "{\n  \"httpRequest\" : {\n    \"method\" : \"POST\",\n    \"path\" : \"/xmlrpc/2/db\",\n    \"body\" : \"<?xml version=\\\"1.0\\\" encoding=\\\"UTF-8\\\"?><methodCall><methodName>server_version</methodName><params/></methodCall>\"\n  },\n  \"httpResponse\" : {\n    \"statusCode\" : 200,\n    \"body\" : \"<?xml version='1.0'?>\\n<methodResponse>\\n<params>\\n<param>\\n<value><string>9.0e</string></value>\\n</param>\\n</params>\\n</methodResponse>\\n\"\n  },\n  \"times\" : {\n    \"remainingTimes\" : 0,\n    \"unlimited\" : true\n  },\n  \"timeToLive\" : {\n    \"unlimited\" : true\n  }\n}"
  }
}
12:35:39.726 [nioEventLoopGroup-4-1] DEBUG io.netty.util.ResourceLeakDetector - -Dio.netty.leakDetection.level: simple
12:35:39.726 [nioEventLoopGroup-4-1] DEBUG io.netty.util.ResourceLeakDetector - -Dio.netty.leakDetection.maxRecords: 4
12:35:39.733 [nioEventLoopGroup-4-1] DEBUG io.netty.util.Recycler - -Dio.netty.recycler.maxCapacity.default: 262144
12:35:39.759 [nioEventLoopGroup-4-1] DEBUG io.netty.util.internal.Cleaner0 - java.nio.ByteBuffer.cleaner(): available
12:35:39.778 [nioEventLoopGroup-3-1] DEBUG i.n.handler.logging.LoggingHandler - [id: 0x16219066, /127.0.0.1:51108 => /127.0.0.1:51107] RECEIVED: HttpObjectAggregator$AggregatedFullHttpRequest(decodeResult: success, version: HTTP/1.1, content: CompositeByteBuf(ridx: 0, widx: 529, cap: 529, components=1))
PUT /expectation HTTP/1.1
Host: localhost:51107
Accept-Encoding: gzip,deflate
Content-Length: 529
Connection: keep-alive
Content-Type: text/plain; charset=utf-8, 529B
         +-------------------------------------------------+
         |  0  1  2  3  4  5  6  7  8  9  a  b  c  d  e  f |
+--------+-------------------------------------------------+----------------+
|00000000| 7b 0a 20 20 22 68 74 74 70 52 65 71 75 65 73 74 |{.  "httpRequest|
|00000010| 22 20 3a 20 7b 0a 20 20 20 20 22 6d 65 74 68 6f |" : {.    "metho|
|00000020| 64 22 20 3a 20 22 50 4f 53 54 22 2c 0a 20 20 20 |d" : "POST",.   |
|00000030| 20 22 70 61 74 68 22 20 3a 20 22 2f 78 6d 6c 72 | "path" : "/xmlr|
|00000040| 70 63 2f 32 2f 64 62 22 2c 0a 20 20 20 20 22 62 |pc/2/db",.    "b|
|00000050| 6f 64 79 22 20 3a 20 22 3c 3f 78 6d 6c 20 76 65 |ody" : "<?xml ve|
|00000060| 72 73 69 6f 6e 3d 5c 22 31 2e 30 5c 22 20 65 6e |rsion=\"1.0\" en|
|00000070| 63 6f 64 69 6e 67 3d 5c 22 55 54 46 2d 38 5c 22 |coding=\"UTF-8\"|
|00000080| 3f 3e 3c 6d 65 74 68 6f 64 43 61 6c 6c 3e 3c 6d |?><methodCall><m|
|00000090| 65 74 68 6f 64 4e 61 6d 65 3e 73 65 72 76 65 72 |ethodName>server|
|000000a0| 5f 76 65 72 73 69 6f 6e 3c 2f 6d 65 74 68 6f 64 |_version</method|
|000000b0| 4e 61 6d 65 3e 3c 70 61 72 61 6d 73 2f 3e 3c 2f |Name><params/></|
|000000c0| 6d 65 74 68 6f 64 43 61 6c 6c 3e 22 0a 20 20 7d |methodCall>".  }|
|000000d0| 2c 0a 20 20 22 68 74 74 70 52 65 73 70 6f 6e 73 |,.  "httpRespons|
|000000e0| 65 22 20 3a 20 7b 0a 20 20 20 20 22 73 74 61 74 |e" : {.    "stat|
|000000f0| 75 73 43 6f 64 65 22 20 3a 20 32 30 30 2c 0a 20 |usCode" : 200,. |
|00000100| 20 20 20 22 62 6f 64 79 22 20 3a 20 22 3c 3f 78 |   "body" : "<?x|
|00000110| 6d 6c 20 76 65 72 73 69 6f 6e 3d 27 31 2e 30 27 |ml version='1.0'|
|00000120| 3f 3e 5c 6e 3c 6d 65 74 68 6f 64 52 65 73 70 6f |?>\n<methodRespo|
|00000130| 6e 73 65 3e 5c 6e 3c 70 61 72 61 6d 73 3e 5c 6e |nse>\n<params>\n|
|00000140| 3c 70 61 72 61 6d 3e 5c 6e 3c 76 61 6c 75 65 3e |<param>\n<value>|
|00000150| 3c 73 74 72 69 6e 67 3e 39 2e 30 65 3c 2f 73 74 |<string>9.0e</st|
|00000160| 72 69 6e 67 3e 3c 2f 76 61 6c 75 65 3e 5c 6e 3c |ring></value>\n<|
|00000170| 2f 70 61 72 61 6d 3e 5c 6e 3c 2f 70 61 72 61 6d |/param>\n</param|
|00000180| 73 3e 5c 6e 3c 2f 6d 65 74 68 6f 64 52 65 73 70 |s>\n</methodResp|
|00000190| 6f 6e 73 65 3e 5c 6e 22 0a 20 20 7d 2c 0a 20 20 |onse>\n".  },.  |
|000001a0| 22 74 69 6d 65 73 22 20 3a 20 7b 0a 20 20 20 20 |"times" : {.    |
|000001b0| 22 72 65 6d 61 69 6e 69 6e 67 54 69 6d 65 73 22 |"remainingTimes"|
|000001c0| 20 3a 20 30 2c 0a 20 20 20 20 22 75 6e 6c 69 6d | : 0,.    "unlim|
|000001d0| 69 74 65 64 22 20 3a 20 74 72 75 65 0a 20 20 7d |ited" : true.  }|
|000001e0| 2c 0a 20 20 22 74 69 6d 65 54 6f 4c 69 76 65 22 |,.  "timeToLive"|
|000001f0| 20 3a 20 7b 0a 20 20 20 20 22 75 6e 6c 69 6d 69 | : {.    "unlimi|
|00000200| 74 65 64 22 20 3a 20 74 72 75 65 0a 20 20 7d 0a |ted" : true.  }.|
|00000210| 7d                                              |}               |
+--------+-------------------------------------------------+----------------+
12:35:39.808 [nioEventLoopGroup-3-1] INFO  o.m.mockserver.MockServerHandler - creating expectation:

	{
	  "httpRequest" : {
	    "method" : "POST",
	    "path" : "/xmlrpc/2/db",
	    "body" : "<?xml version=\"1.0\" encoding=\"UTF-8\"?><methodCall><methodName>server_version</methodName><params/></methodCall>"
	  },
	  "times" : {
	    "remainingTimes" : 0,
	    "unlimited" : true
	  },
	  "timeToLive" : {
	    "unlimited" : true
	  },
	  "httpResponse" : {
	    "statusCode" : 200,
	    "body" : "<?xml version='1.0'?>\n<methodResponse>\n<params>\n<param>\n<value><string>9.0e</string></value>\n</param>\n</params>\n</methodResponse>\n"
	  }
	}


12:35:39.809 [nioEventLoopGroup-3-1] DEBUG i.n.handler.logging.LoggingHandler - [id: 0x16219066, /127.0.0.1:51108 => /127.0.0.1:51107] WRITE, DefaultFullHttpResponse(decodeResult: success, version: HTTP/1.1, content: EmptyByteBufBE)
HTTP/1.1 201 Created
Content-Length: 0
Connection: keep-alive
Content-Type: text/plain, 0B
12:35:39.809 [nioEventLoopGroup-3-1] DEBUG i.n.handler.logging.LoggingHandler - [id: 0x16219066, /127.0.0.1:51108 => /127.0.0.1:51107] FLUSH
12:35:39.811 [nioEventLoopGroup-3-1] DEBUG i.n.handler.logging.LoggingHandler - [id: 0x16219066, /127.0.0.1:51108 => /127.0.0.1:51107] FLUSH
12:35:39.811 [nioEventLoopGroup-3-1] DEBUG i.n.handler.logging.LoggingHandler - [id: 0x16219066, /127.0.0.1:51108 :> /127.0.0.1:51107] INACTIVE
12:35:39.811 [nioEventLoopGroup-3-1] DEBUG i.n.handler.logging.LoggingHandler - [id: 0x16219066, /127.0.0.1:51108 :> /127.0.0.1:51107] UNREGISTERED
12:35:39.810 [Test worker] DEBUG o.m.client.netty.NettyHttpClient - Received response: {
  "statusCode" : 201,
  "headers" : [ {
    "name" : "Connection",
    "values" : [ "keep-alive" ]
  }, {
    "name" : "Content-Length",
    "values" : [ "0" ]
  }, {
    "name" : "Content-Type",
    "values" : [ "text/plain" ]
  } ]
}
12:35:39.831 [Test worker] DEBUG i.n.h.s.u.InsecureTrustManagerFactory - Accepting a server certificate: C=UK, ST=England, L=London, O=MockServer, CN=localhost
12:35:39.836 [nioEventLoopGroup-3-2] DEBUG io.netty.handler.ssl.SslHandler - [id: 0xa58162da, /127.0.0.1:51109 => /127.0.0.1:51107] HANDSHAKEN: TLS_ECDHE_RSA_WITH_AES_256_GCM_SHA384
12:35:39.841 [nioEventLoopGroup-3-2] DEBUG i.n.handler.logging.LoggingHandler - [id: 0xa58162da, /127.0.0.1:51109 => /127.0.0.1:51107] RECEIVED: HttpObjectAggregator$AggregatedFullHttpRequest(decodeResult: success, version: HTTP/1.1, content: CompositeByteBuf(ridx: 0, widx: 172, cap: 172, components=1))
POST /xmlrpc/2/db HTTP/1.1
Content-Type: text/xml
User-Agent: Apache XML RPC 3.1.3 (Sun HTTP Transport)
Cache-Control: no-cache
Pragma: no-cache
Host: localhost:51107
Accept: text/html, image/gif, image/jpeg, *; q=.2, */*; q=.2
Connection: keep-alive
Content-Length: 172, 172B
         +-------------------------------------------------+
         |  0  1  2  3  4  5  6  7  8  9  a  b  c  d  e  f |
+--------+-------------------------------------------------+----------------+
|00000000| 3c 3f 78 6d 6c 20 76 65 72 73 69 6f 6e 3d 22 31 |<?xml version="1|
|00000010| 2e 30 22 20 65 6e 63 6f 64 69 6e 67 3d 22 55 54 |.0" encoding="UT|
|00000020| 46 2d 38 22 3f 3e 3c 6d 65 74 68 6f 64 43 61 6c |F-8"?><methodCal|
|00000030| 6c 20 78 6d 6c 6e 73 3a 65 78 3d 22 68 74 74 70 |l xmlns:ex="http|
|00000040| 3a 2f 2f 77 73 2e 61 70 61 63 68 65 2e 6f 72 67 |://ws.apache.org|
|00000050| 2f 78 6d 6c 72 70 63 2f 6e 61 6d 65 73 70 61 63 |/xmlrpc/namespac|
|00000060| 65 73 2f 65 78 74 65 6e 73 69 6f 6e 73 22 3e 3c |es/extensions"><|
|00000070| 6d 65 74 68 6f 64 4e 61 6d 65 3e 73 65 72 76 65 |methodName>serve|
|00000080| 72 5f 76 65 72 73 69 6f 6e 3c 2f 6d 65 74 68 6f |r_version</metho|
|00000090| 64 4e 61 6d 65 3e 3c 70 61 72 61 6d 73 2f 3e 3c |dName><params/><|
|000000a0| 2f 6d 65 74 68 6f 64 43 61 6c 6c 3e             |/methodCall>    |
+--------+-------------------------------------------------+----------------+
12:35:39.844 [nioEventLoopGroup-3-2] INFO  o.m.matchers.HttpRequestMatcher - request:

	{
	  "method" : "POST",
	  "path" : "/xmlrpc/2/db",
	  "headers" : [ {
	    "name" : "Content-Type",
	    "values" : [ "text/xml" ]
	  }, {
	    "name" : "User-Agent",
	    "values" : [ "Apache XML RPC 3.1.3 (Sun HTTP Transport)" ]
	  }, {
	    "name" : "Cache-Control",
	    "values" : [ "no-cache" ]
	  }, {
	    "name" : "Pragma",
	    "values" : [ "no-cache" ]
	  }, {
	    "name" : "Host",
	    "values" : [ "localhost:51107" ]
	  }, {
	    "name" : "Accept",
	    "values" : [ "text/html, image/gif, image/jpeg, *; q=.2, */*; q=.2" ]
	  }, {
	    "name" : "Connection",
	    "values" : [ "keep-alive" ]
	  }, {
	    "name" : "Content-Length",
	    "values" : [ "172" ]
	  } ],
	  "keepAlive" : true,
	  "secure" : true,
	  "body" : "<?xml version=\"1.0\" encoding=\"UTF-8\"?><methodCall xmlns:ex=\"http://ws.apache.org/xmlrpc/namespaces/extensions\"><methodName>server_version</methodName><params/></methodCall>"
	}

 did not match expectation:

	{
	  "method" : "POST",
	  "path" : "/xmlrpc/2/db",
	  "body" : "<?xml version=\"1.0\" encoding=\"UTF-8\"?><methodCall><methodName>server_version</methodName><params/></methodCall>"
	}

 because:

	method matches = true
	path matches = true
	query string parameters match = true
	body matches = false
	headers match = true
	cookies match = true
	keep-alive matches = true
	ssl matches = true



12:35:39.849 [nioEventLoopGroup-3-2] INFO  o.m.mockserver.MockServerHandler - returning response:

	{
	  "statusCode" : 404
	}

 for request:

	{
	  "method" : "POST",
	  "path" : "/xmlrpc/2/db",
	  "headers" : [ {
	    "name" : "Content-Type",
	    "values" : [ "text/xml" ]
	  }, {
	    "name" : "User-Agent",
	    "values" : [ "Apache XML RPC 3.1.3 (Sun HTTP Transport)" ]
	  }, {
	    "name" : "Cache-Control",
	    "values" : [ "no-cache" ]
	  }, {
	    "name" : "Pragma",
	    "values" : [ "no-cache" ]
	  }, {
	    "name" : "Host",
	    "values" : [ "localhost:51107" ]
	  }, {
	    "name" : "Accept",
	    "values" : [ "text/html, image/gif, image/jpeg, *; q=.2, */*; q=.2" ]
	  }, {
	    "name" : "Content-Length",
	    "values" : [ "172" ]
	  } ],
	  "keepAlive" : true,
	  "secure" : true,
	  "body" : "<?xml version=\"1.0\" encoding=\"UTF-8\"?><methodCall xmlns:ex=\"http://ws.apache.org/xmlrpc/namespaces/extensions\"><methodName>server_version</methodName><params/></methodCall>"
	}


12:35:39.849 [nioEventLoopGroup-3-2] DEBUG i.n.handler.logging.LoggingHandler - [id: 0xa58162da, /127.0.0.1:51109 => /127.0.0.1:51107] WRITE, DefaultFullHttpResponse(decodeResult: success, version: HTTP/1.1, content: EmptyByteBufBE)
HTTP/1.1 404 Not Found
Content-Length: 0
Connection: keep-alive, 0B
12:35:39.850 [nioEventLoopGroup-3-2] DEBUG i.n.handler.logging.LoggingHandler - [id: 0xa58162da, /127.0.0.1:51109 => /127.0.0.1:51107] FLUSH
12:35:39.850 [Test worker] DEBUG o.m.client.netty.NettyHttpClient - Sending request: {
  "method" : "PUT",
  "path" : "/stop"
}
12:35:39.856 [nioEventLoopGroup-3-3] DEBUG i.n.handler.logging.LoggingHandler - [id: 0x4c9416b5, /127.0.0.1:51110 => /127.0.0.1:51107] RECEIVED, HttpObjectAggregator$AggregatedFullHttpRequest(decodeResult: success, version: HTTP/1.1, content: CompositeByteBuf(ridx: 0, widx: 0, cap: 0, components=0))
PUT /stop HTTP/1.1
Host: localhost:51107
Accept-Encoding: gzip,deflate
Content-Length: 0
Connection: keep-alive, 0B
12:35:39.856 [nioEventLoopGroup-3-3] DEBUG i.n.handler.logging.LoggingHandler - [id: 0x4c9416b5, /127.0.0.1:51110 => /127.0.0.1:51107] WRITE, DefaultFullHttpResponse(decodeResult: success, version: HTTP/1.1, content: EmptyByteBufBE)
HTTP/1.1 202 Accepted
Content-Length: 0
Connection: keep-alive
Content-Type: text/plain, 0B
12:35:39.857 [nioEventLoopGroup-3-3] DEBUG i.n.handler.logging.LoggingHandler - [id: 0x4c9416b5, /127.0.0.1:51110 => /127.0.0.1:51107] FLUSH
12:35:39.857 [nioEventLoopGroup-3-3] DEBUG i.n.handler.logging.LoggingHandler - [id: 0x4c9416b5, /127.0.0.1:51110 => /127.0.0.1:51107] CLOSE()
12:35:39.857 [Test worker] DEBUG o.m.client.netty.NettyHttpClient - Received response: {
  "statusCode" : 202,
  "headers" : [ {
    "name" : "Connection",
    "values" : [ "keep-alive" ]
  }, {
    "name" : "Content-Length",
    "values" : [ "0" ]
  }, {
    "name" : "Content-Type",
    "values" : [ "text/plain" ]
  } ]
}
12:35:39.859 [nioEventLoopGroup-3-1] DEBUG io.netty.buffer.PoolThreadCache - Freed 2 thread-local buffer(s) from thread: nioEventLoopGroup-3-1
12:35:39.866 [nioEventLoopGroup-3-2] DEBUG io.netty.handler.ssl.SslHandler - [id: 0xa58162da, /127.0.0.1:51109 :> /127.0.0.1:51107] SSLEngine.closeInbound() raised an exception.
javax.net.ssl.SSLException: closing inbound before receiving peer's close_notify
	at sun.security.ssl.Alert.createSSLException(Alert.java:133) ~[na:1.8.0_362]
	at sun.security.ssl.Alert.createSSLException(Alert.java:117) ~[na:1.8.0_362]
	at sun.security.ssl.TransportContext.fatal(TransportContext.java:335) ~[na:1.8.0_362]
	at sun.security.ssl.TransportContext.fatal(TransportContext.java:291) ~[na:1.8.0_362]
	at sun.security.ssl.TransportContext.fatal(TransportContext.java:282) ~[na:1.8.0_362]
	at sun.security.ssl.SSLEngineImpl.closeInbound(SSLEngineImpl.java:640) ~[na:1.8.0_362]
	at io.netty.handler.ssl.SslHandler.setHandshakeFailure(SslHandler.java:1257) [netty-handler-4.0.31.Final.jar:4.0.31.Final]
	at io.netty.handler.ssl.SslHandler.channelInactive(SslHandler.java:705) [netty-handler-4.0.31.Final.jar:4.0.31.Final]
	at io.netty.channel.AbstractChannelHandlerContext.invokeChannelInactive(AbstractChannelHandlerContext.java:208) [netty-transport-4.0.31.Final.jar:4.0.31.Final]
	at io.netty.channel.AbstractChannelHandlerContext.fireChannelInactive(AbstractChannelHandlerContext.java:194) [netty-transport-4.0.31.Final.jar:4.0.31.Final]
	at io.netty.channel.DefaultChannelPipeline.fireChannelInactive(DefaultChannelPipeline.java:828) [netty-transport-4.0.31.Final.jar:4.0.31.Final]
	at io.netty.channel.AbstractChannel$AbstractUnsafe$7.run(AbstractChannel.java:621) [netty-transport-4.0.31.Final.jar:4.0.31.Final]
	at io.netty.util.concurrent.SingleThreadEventExecutor.runAllTasks(SingleThreadEventExecutor.java:329) [netty-common-4.0.31.Final.jar:4.0.31.Final]
	at io.netty.util.concurrent.SingleThreadEventExecutor.confirmShutdown(SingleThreadEventExecutor.java:628) [netty-common-4.0.31.Final.jar:4.0.31.Final]
	at io.netty.channel.nio.NioEventLoop.run(NioEventLoop.java:362) [netty-transport-4.0.31.Final.jar:4.0.31.Final]
	at io.netty.util.concurrent.SingleThreadEventExecutor$2.run(SingleThreadEventExecutor.java:112) [netty-common-4.0.31.Final.jar:4.0.31.Final]
	at io.netty.util.concurrent.DefaultThreadFactory$DefaultRunnableDecorator.run(DefaultThreadFactory.java:137) [netty-common-4.0.31.Final.jar:4.0.31.Final]
	at java.lang.Thread.run(Thread.java:750) [na:1.8.0_362]
12:35:39.866 [nioEventLoopGroup-3-2] DEBUG i.n.handler.logging.LoggingHandler - [id: 0xa58162da, /127.0.0.1:51109 :> /127.0.0.1:51107] INACTIVE
12:35:39.866 [nioEventLoopGroup-3-2] DEBUG i.n.handler.logging.LoggingHandler - [id: 0xa58162da, /127.0.0.1:51109 :> /127.0.0.1:51107] UNREGISTERED
12:35:40.371 [nioEventLoopGroup-3-3] DEBUG i.n.handler.logging.LoggingHandler - [id: 0x4c9416b5, /127.0.0.1:51110 :> /127.0.0.1:51107] FLUSH
12:35:40.371 [nioEventLoopGroup-3-3] DEBUG i.n.handler.logging.LoggingHandler - [id: 0x4c9416b5, /127.0.0.1:51110 :> /127.0.0.1:51107] INACTIVE
12:35:40.371 [nioEventLoopGroup-3-3] DEBUG i.n.handler.logging.LoggingHandler - [id: 0x4c9416b5, /127.0.0.1:51110 :> /127.0.0.1:51107] UNREGISTERED
12:35:40.371 [nioEventLoopGroup-3-3] DEBUG io.netty.buffer.PoolThreadCache - Freed 2 thread-local buffer(s) from thread: nioEventLoopGroup-3-3
12:35:40.868 [nioEventLoopGroup-3-2] DEBUG io.netty.buffer.PoolThreadCache - Freed 16 thread-local buffer(s) from thread: nioEventLoopGroup-3-2
]]></system-out>
  <system-err><![CDATA[]]></system-err>
</testsuite>
