<?xml version="1.0" encoding="UTF-8"?>
<testsuite name="com.odoojava.api.VersionTest" tests="3" skipped="0" failures="0" errors="0" timestamp="2026-04-24T09:35:41" hostname="MacBook-Pro.router.wind" time="0.055">
  <properties/>
  <testcase name="should_default_unrecognized_fields" classname="com.odoojava.api.VersionTest" time="0.046"/>
  <testcase name="should_keep_original_string_for_toString" classname="com.odoojava.api.VersionTest" time="0.008"/>
  <testcase name="should_extract_major_minor_build" classname="com.odoojava.api.VersionTest" time="0.0"/>
  <system-out><![CDATA[]]></system-out>
  <system-err><![CDATA[]]></system-err>
</testsuite>
