<?xml version="1.0" encoding="UTF-8"?>
<testsuite name="com.odoojava.api.ResponseTest" tests="4" skipped="0" failures="0" errors="0" timestamp="2026-04-24T09:35:48" hostname="MacBook-Pro.router.wind" time="0.025">
  <properties/>
  <testcase name="should_be_marked_as_successful_when_successful" classname="com.odoojava.api.ResponseTest" time="0.0"/>
  <testcase name="should_provide_actual_response_object_when_successful" classname="com.odoojava.api.ResponseTest" time="0.025"/>
  <testcase name="should_be_marked_as_failed_for_exception" classname="com.odoojava.api.ResponseTest" time="0.0"/>
  <testcase name="should_provide_cause_for_exception" classname="com.odoojava.api.ResponseTest" time="0.0"/>
  <system-out><![CDATA[]]></system-out>
  <system-err><![CDATA[]]></system-err>
</testsuite>
